# JRE version: Java(TM) SE Runtime Environment (8.0_77-b03) (build 1.8.0_77-b03)
# Java VM: Java HotSpot(TM) 64-Bit Server VM (25.77-b03 mixed mode windows-amd64 compressed oops)
Heap:
 PSYoungGen      total 414208K, used 200512K [0x000000076b580000, 0x0000000787b80000, 0x00000007c0000000)
  eden space 398336K, 46% used [0x000000076b580000,0x0000000776a38b00,0x0000000783a80000)
  from space 15872K, 97% used [0x0000000786c00000,0x0000000787b177c8,0x0000000787b80000)
  to   space 24064K, 0% used [0x0000000784c80000,0x0000000784c80000,0x0000000786400000)
 ParOldGen       total 189440K, used 45018K [0x00000006c2000000, 0x00000006cd900000, 0x000000076b580000)
  object space 189440K, 23% used [0x00000006c2000000,0x00000006c4bf6858,0x00000006cd900000)
 Metaspace       used 65336K, capacity 68546K, committed 68784K, reserved 1107968K
  class space    used 8858K, capacity 9378K, committed 9392K, reserved 1048576K
GC Heap History (10 events):
Event: 4.844 GC heap before
{Heap before GC invocations=9 (full 2):
 PSYoungGen      total 209920K, used 14265K [0x000000076b580000, 0x0000000781380000, 0x00000007c0000000)
  eden space 193536K, 0% used [0x000000076b580000,0x000000076b580000,0x0000000777280000)
  from space 16384K, 87% used [0x0000000777280000,0x000000077806e468,0x0000000778280000)
  to   space 17920K, 0% used [0x0000000780200000,0x0000000780200000,0x0000000781380000)
 ParOldGen       total 85504K, used 8423K [0x00000006c2000000, 0x00000006c7380000, 0x000000076b580000)
  object space 85504K, 9% used [0x00000006c2000000,0x00000006c2839ea8,0x00000006c7380000)
 Metaspace       used 34057K, capacity 35496K, committed 35496K, reserved 1079296K
  class space    used 4487K, capacity 4784K, committed 4784K, reserved 1048576K
Event: 4.927 GC heap after
Heap after GC invocations=9 (full 2):
 PSYoungGen      total 209920K, used 0K [0x000000076b580000, 0x0000000781380000, 0x00000007c0000000)
  eden space 193536K, 0% used [0x000000076b580000,0x000000076b580000,0x0000000777280000)
  from space 16384K, 0% used [0x0000000777280000,0x0000000777280000,0x0000000778280000)
  to   space 17920K, 0% used [0x0000000780200000,0x0000000780200000,0x0000000781380000)
 ParOldGen       total 125952K, used 18825K [0x00000006c2000000, 0x00000006c9b00000, 0x000000076b580000)
  object space 125952K, 14% used [0x00000006c2000000,0x00000006c3262528,0x00000006c9b00000)
 Metaspace       used 34057K, capacity 35496K, committed 35496K, reserved 1079296K
  class space    used 4487K, capacity 4784K, committed 4784K, reserved 1048576K
}
Event: 6.423 GC heap before
{Heap before GC invocations=10 (full 2):
 PSYoungGen      total 209920K, used 193536K [0x000000076b580000, 0x0000000781380000, 0x00000007c0000000)
  eden space 193536K, 100% used [0x000000076b580000,0x0000000777280000,0x0000000777280000)
  from space 16384K, 0% used [0x0000000777280000,0x0000000777280000,0x0000000778280000)
  to   space 17920K, 0% used [0x0000000780200000,0x0000000780200000,0x0000000781380000)
 ParOldGen       total 125952K, used 18825K [0x00000006c2000000, 0x00000006c9b00000, 0x000000076b580000)
  object space 125952K, 14% used [0x00000006c2000000,0x00000006c3262528,0x00000006c9b00000)
 Metaspace       used 39048K, capacity 40908K, committed 41136K, reserved 1085440K
  class space    used 5165K, capacity 5499K, committed 5552K, reserved 1048576K
Event: 6.438 GC heap after
Heap after GC invocations=10 (full 2):
 PSYoungGen      total 325632K, used 11172K [0x000000076b580000, 0x0000000780d00000, 0x00000007c0000000)
  eden space 314368K, 0% used [0x000000076b580000,0x000000076b580000,0x000000077e880000)
  from space 11264K, 99% used [0x0000000780200000,0x0000000780ce9220,0x0000000780d00000)
  to   space 17408K, 0% used [0x000000077eb00000,0x000000077eb00000,0x000000077fc00000)
 ParOldGen       total 125952K, used 18833K [0x00000006c2000000, 0x00000006c9b00000, 0x000000076b580000)
  object space 125952K, 14% used [0x00000006c2000000,0x00000006c3264528,0x00000006c9b00000)
 Metaspace       used 39048K, capacity 40908K, committed 41136K, reserved 1085440K
  class space    used 5165K, capacity 5499K, committed 5552K, reserved 1048576K
}
Event: 9.268 GC heap before
{Heap before GC invocations=11 (full 2):
 PSYoungGen      total 325632K, used 252323K [0x000000076b580000, 0x0000000780d00000, 0x00000007c0000000)
  eden space 314368K, 76% used [0x000000076b580000,0x000000077a0ffbd0,0x000000077e880000)
  from space 11264K, 99% used [0x0000000780200000,0x0000000780ce9220,0x0000000780d00000)
  to   space 17408K, 0% used [0x000000077eb00000,0x000000077eb00000,0x000000077fc00000)
 ParOldGen       total 125952K, used 18833K [0x00000006c2000000, 0x00000006c9b00000, 0x000000076b580000)
  object space 125952K, 14% used [0x00000006c2000000,0x00000006c3264528,0x00000006c9b00000)
 Metaspace       used 56493K, capacity 59066K, committed 59160K, reserved 1099776K
  class space    used 7561K, capacity 8024K, committed 8112K, reserved 1048576K
Event: 9.317 GC heap after
Heap after GC invocations=11 (full 2):
 PSYoungGen      total 334336K, used 17398K [0x000000076b580000, 0x0000000788380000, 0x00000007c0000000)
  eden space 316928K, 0% used [0x000000076b580000,0x000000076b580000,0x000000077eb00000)
  from space 17408K, 99% used [0x000000077eb00000,0x000000077fbfd908,0x000000077fc00000)
  to   space 24064K, 0% used [0x0000000786c00000,0x0000000786c00000,0x0000000788380000)
 ParOldGen       total 125952K, used 29899K [0x00000006c2000000, 0x00000006c9b00000, 0x000000076b580000)
  object space 125952K, 23% used [0x00000006c2000000,0x00000006c3d32e48,0x00000006c9b00000)
 Metaspace       used 56493K, capacity 59066K, committed 59160K, reserved 1099776K
  class space    used 7561K, capacity 8024K, committed 8112K, reserved 1048576K
}
Event: 9.317 GC heap before
{Heap before GC invocations=12 (full 3):
 PSYoungGen      total 334336K, used 17398K [0x000000076b580000, 0x0000000788380000, 0x00000007c0000000)
  eden space 316928K, 0% used [0x000000076b580000,0x000000076b580000,0x000000077eb00000)
  from space 17408K, 99% used [0x000000077eb00000,0x000000077fbfd908,0x000000077fc00000)
  to   space 24064K, 0% used [0x0000000786c00000,0x0000000786c00000,0x0000000788380000)
 ParOldGen       total 125952K, used 29899K [0x00000006c2000000, 0x00000006c9b00000, 0x000000076b580000)
  object space 125952K, 23% used [0x00000006c2000000,0x00000006c3d32e48,0x00000006c9b00000)
 Metaspace       used 56493K, capacity 59066K, committed 59160K, reserved 1099776K
  class space    used 7561K, capacity 8024K, committed 8112K, reserved 1048576K
Event: 9.624 GC heap after
Heap after GC invocations=12 (full 3):
 PSYoungGen      total 334336K, used 0K [0x000000076b580000, 0x0000000788380000, 0x00000007c0000000)
  eden space 316928K, 0% used [0x000000076b580000,0x000000076b580000,0x000000077eb00000)
  from space 17408K, 0% used [0x000000077eb00000,0x000000077eb00000,0x000000077fc00000)
  to   space 24064K, 0% used [0x0000000786c00000,0x0000000786c00000,0x0000000788380000)
 ParOldGen       total 189440K, used 45010K [0x00000006c2000000, 0x00000006cd900000, 0x000000076b580000)
  object space 189440K, 23% used [0x00000006c2000000,0x00000006c4bf4858,0x00000006cd900000)
 Metaspace       used 56493K, capacity 59066K, committed 59160K, reserved 1099776K
  class space    used 7561K, capacity 8024K, committed 8112K, reserved 1048576K
}
Event: 12.177 GC heap before
{Heap before GC invocations=13 (full 3):
 PSYoungGen      total 334336K, used 316928K [0x000000076b580000, 0x0000000788380000, 0x00000007c0000000)
  eden space 316928K, 100% used [0x000000076b580000,0x000000077eb00000,0x000000077eb00000)
  from space 17408K, 0% used [0x000000077eb00000,0x000000077eb00000,0x000000077fc00000)
  to   space 24064K, 0% used [0x0000000786c00000,0x0000000786c00000,0x0000000788380000)
 ParOldGen       total 189440K, used 45010K [0x00000006c2000000, 0x00000006cd900000, 0x000000076b580000)
  object space 189440K, 23% used [0x00000006c2000000,0x00000006c4bf4858,0x00000006cd900000)
 Metaspace       used 63437K, capacity 66432K, committed 66480K, reserved 1105920K
  class space    used 8585K, capacity 9115K, committed 9136K, reserved 1048576K
Event: 12.203 GC heap after
Heap after GC invocations=13 (full 3):
 PSYoungGen      total 414208K, used 15453K [0x000000076b580000, 0x0000000787b80000, 0x00000007c0000000)
  eden space 398336K, 0% used [0x000000076b580000,0x000000076b580000,0x0000000783a80000)
  from space 15872K, 97% used [0x0000000786c00000,0x0000000787b177c8,0x0000000787b80000)
  to   space 24064K, 0% used [0x0000000784c80000,0x0000000784c80000,0x0000000786400000)
 ParOldGen       total 189440K, used 45018K [0x00000006c2000000, 0x00000006cd900000, 0x000000076b580000)
  object space 189440K, 23% used [0x00000006c2000000,0x00000006c4bf6858,0x00000006cd900000)
 Metaspace       used 63437K, capacity 66432K, committed 66480K, reserved 1105920K
  class space    used 8585K, capacity 9115K, committed 9136K, reserved 1048576K
}

